[WARN] 2025-08-07 11:00:12.806 [main] TestNG - Ignoring duplicate listener : io.qameta.allure.testng.AllureTestNg
[WARN] 2025-08-07 11:00:12.810 [main] TestNG - Ignoring duplicate listener : io.qameta.allure.testng.AllureTestNg
[WARN] 2025-08-07 11:00:12.810 [main] TestNG - Ignoring duplicate listener : io.qameta.allure.testng.AllureTestNg
[INFO] 2025-08-07 11:00:13.174 [main] Utils - [TestNG] Running:
  C:\Users\HP\git\Testng_Ninjalinos\testng.xml

[ERROR] 2025-08-07 11:00:47.840 [TestNG-tests-2] LoggerLoad - Alert message for no code entered in editor is not displayed
[ERROR] 2025-08-07 11:00:48.011 [TestNG-tests-1] LoggerLoad - Alert message for no code entered in editor is not displayed
[ERROR] 2025-08-07 11:00:52.267 [TestNG-tests-1] LoggerLoad - Alert message for no code entered in editor is not displayed
[ERROR] 2025-08-07 11:00:52.267 [TestNG-tests-2] LoggerLoad - Alert message for no code entered in editor is not displayed
[ERROR] 2025-08-07 11:00:56.712 [TestNG-tests-2] LoggerLoad - Alert message for no code entered in editor is not displayed
[ERROR] 2025-08-07 11:00:57.028 [TestNG-tests-1] LoggerLoad - Alert message for no code entered in editor is not displayed
[ERROR] 2025-08-07 11:01:01.297 [TestNG-tests-2] LoggerLoad - Alert message for no code entered in editor is not displayed
[ERROR] 2025-08-07 11:01:01.325 [TestNG-tests-1] LoggerLoad - Alert message for no code entered in editor is not displayed
[ERROR] 2025-08-07 11:01:01.470 [TestNG-tests-2] AllureLifecycle - Could not add attachment: no test is running
[WARN] 2025-08-07 11:02:42.954 [main] TestNG - Ignoring duplicate listener : io.qameta.allure.testng.AllureTestNg
[WARN] 2025-08-07 11:02:42.955 [main] TestNG - Ignoring duplicate listener : io.qameta.allure.testng.AllureTestNg
[WARN] 2025-08-07 11:02:42.955 [main] TestNG - Ignoring duplicate listener : io.qameta.allure.testng.AllureTestNg
[INFO] 2025-08-07 11:02:43.286 [main] Utils - [TestNG] Running:
  C:\Users\HP\git\Testng_Ninjalinos\testng.xml

[ERROR] 2025-08-07 11:03:13.875 [TestNG-tests-2] LoggerLoad - Alert message for no code entered in editor is not displayed
[ERROR] 2025-08-07 11:03:13.877 [TestNG-tests-1] LoggerLoad - Alert message for no code entered in editor is not displayed
[ERROR] 2025-08-07 11:03:14.065 [TestNG-tests-2] AllureLifecycle - Could not add attachment: no test is running
[ERROR] 2025-08-07 11:03:14.124 [TestNG-tests-1] AllureLifecycle - Could not add attachment: no test is running
[ERROR] 2025-08-07 11:03:31.226 [TestNG-tests-3] LoggerLoad - Alert message for no code entered in editor is not displayed
[ERROR] 2025-08-07 11:03:31.267 [TestNG-tests-3] AllureLifecycle - Could not add attachment: no test is running
[WARN] 2025-08-07 11:04:23.175 [main] TestNG - Ignoring duplicate listener : io.qameta.allure.testng.AllureTestNg
[WARN] 2025-08-07 11:04:23.178 [main] TestNG - Ignoring duplicate listener : io.qameta.allure.testng.AllureTestNg
[WARN] 2025-08-07 11:04:23.178 [main] TestNG - Ignoring duplicate listener : io.qameta.allure.testng.AllureTestNg
[INFO] 2025-08-07 11:04:23.487 [main] Utils - [TestNG] Running:
  C:\Users\HP\git\Testng_Ninjalinos\testng.xml

[ERROR] 2025-08-07 11:04:54.381 [TestNG-tests-1] LoggerLoad - Alert message for no code entered in editor is not displayed
[ERROR] 2025-08-07 11:04:54.675 [TestNG-tests-2] LoggerLoad - Alert message for no code entered in editor is not displayed
[ERROR] 2025-08-07 11:04:59.785 [TestNG-tests-1] LoggerLoad - Alert message for no code entered in editor is not displayed
[ERROR] 2025-08-07 11:04:59.803 [TestNG-tests-2] LoggerLoad - Alert message for no code entered in editor is not displayed
[ERROR] 2025-08-07 11:05:05.681 [TestNG-tests-2] LoggerLoad - Alert message for no code entered in editor is not displayed
[ERROR] 2025-08-07 11:05:05.753 [TestNG-tests-1] LoggerLoad - Alert message for no code entered in editor is not displayed
[ERROR] 2025-08-07 11:05:10.828 [TestNG-tests-2] LoggerLoad - Alert message for no code entered in editor is not displayed
[ERROR] 2025-08-07 11:05:10.881 [TestNG-tests-1] LoggerLoad - Alert message for no code entered in editor is not displayed
[ERROR] 2025-08-07 11:05:11.023 [TestNG-tests-2] AllureLifecycle - Could not add attachment: no test is running
[ERROR] 2025-08-07 11:05:11.053 [TestNG-tests-1] AllureLifecycle - Could not add attachment: no test is running
[ERROR] 2025-08-07 11:05:20.115 [TestNG-tests-3] LoggerLoad - Alert message for no code entered in editor is not displayed
[ERROR] 2025-08-07 11:05:25.307 [TestNG-tests-3] LoggerLoad - Alert message for no code entered in editor is not displayed
[ERROR] 2025-08-07 11:05:30.957 [TestNG-tests-3] LoggerLoad - Alert message for no code entered in editor is not displayed
[ERROR] 2025-08-07 11:05:36.145 [TestNG-tests-3] LoggerLoad - Alert message for no code entered in editor is not displayed
[ERROR] 2025-08-07 11:05:36.188 [TestNG-tests-3] AllureLifecycle - Could not add attachment: no test is running
[WARN] 2025-08-07 12:59:09.221 [main] TestNG - Ignoring duplicate listener : io.qameta.allure.testng.AllureTestNg
[WARN] 2025-08-07 12:59:09.266 [main] TestNG - Ignoring duplicate listener : io.qameta.allure.testng.AllureTestNg
[WARN] 2025-08-07 12:59:09.266 [main] TestNG - Ignoring duplicate listener : io.qameta.allure.testng.AllureTestNg
[INFO] 2025-08-07 12:59:09.653 [main] Utils - [TestNG] Running:
  C:\Users\HP\git\Testng_Ninjalinos\testng.xml

[WARN] 2025-08-07 12:59:42.297 [main] TestNG - Ignoring duplicate listener : io.qameta.allure.testng.AllureTestNg
[WARN] 2025-08-07 12:59:42.300 [main] TestNG - Ignoring duplicate listener : io.qameta.allure.testng.AllureTestNg
[WARN] 2025-08-07 12:59:42.300 [main] TestNG - Ignoring duplicate listener : io.qameta.allure.testng.AllureTestNg
[INFO] 2025-08-07 12:59:42.642 [main] Utils - [TestNG] Running:
  C:\Users\HP\git\Testng_Ninjalinos\testng.xml

[ERROR] 2025-08-07 12:59:49.964 [TestNG-test=Test_All_Modules_chrome-3] AllureLifecycle - Could not add attachment: no test is running
[ERROR] 2025-08-07 12:59:50.209 [TestNG-test=Test_All_Modules_chrome-5] AllureLifecycle - Could not add attachment: no test is running
[ERROR] 2025-08-07 12:59:54.399 [TestNG-test=Test_All_Modules_chrome-1] LoggerLoad - Alert message for no code entered in editor is not displayed
[ERROR] 2025-08-07 12:59:54.595 [TestNG-test=Test_All_Modules_chrome-1] AllureLifecycle - Could not add attachment: no test is running
[ERROR] 2025-08-07 13:00:05.228 [TestNG-test=Test_All_Modules_edge-4] AllureLifecycle - Could not add attachment: no test is running
[ERROR] 2025-08-07 13:00:05.641 [TestNG-test=Test_All_Modules_edge-5] AllureLifecycle - Could not add attachment: no test is running
[ERROR] 2025-08-07 13:00:05.626 [TestNG-test=Test_All_Modules_edge-3] AllureLifecycle - Could not add attachment: no test is running
[ERROR] 2025-08-07 13:00:11.029 [TestNG-test=Test_All_Modules_edge-1] LoggerLoad - Alert message for no code entered in editor is not displayed
[ERROR] 2025-08-07 13:00:11.210 [TestNG-test=Test_All_Modules_edge-1] AllureLifecycle - Could not add attachment: no test is running
[ERROR] 2025-08-07 13:00:27.532 [TestNG-test=Test_All_Modules_firefox-3] AllureLifecycle - Could not add attachment: no test is running
[ERROR] 2025-08-07 13:00:32.125 [TestNG-test=Test_All_Modules_firefox-5] AllureLifecycle - Could not add attachment: no test is running
[ERROR] 2025-08-07 13:00:35.205 [TestNG-test=Test_All_Modules_firefox-1] LoggerLoad - Alert message for no code entered in editor is not displayed
[ERROR] 2025-08-07 13:00:35.260 [TestNG-test=Test_All_Modules_firefox-1] AllureLifecycle - Could not add attachment: no test is running
[WARN] 2025-08-07 13:01:32.400 [main] TestNG - Ignoring duplicate listener : io.qameta.allure.testng.AllureTestNg
[WARN] 2025-08-07 13:01:32.402 [main] TestNG - Ignoring duplicate listener : io.qameta.allure.testng.AllureTestNg
[WARN] 2025-08-07 13:01:32.402 [main] TestNG - Ignoring duplicate listener : io.qameta.allure.testng.AllureTestNg
[INFO] 2025-08-07 13:01:32.932 [main] Utils - [TestNG] Running:
  C:\Users\HP\git\Testng_Ninjalinos\testng.xml

[ERROR] 2025-08-07 13:01:58.489 [TestNG-test=Test_All_Modules_chrome-2] LoggerLoad - Alert message for no code entered in editor is not displayed
[ERROR] 2025-08-07 13:02:02.077 [TestNG-test=Test_All_Modules_chrome-2] LoggerLoad - Alert message for no code entered in editor is not displayed
[ERROR] 2025-08-07 13:02:02.230 [TestNG-test=Test_All_Modules_chrome-2] AllureLifecycle - Could not add attachment: no test is running
[ERROR] 2025-08-07 13:02:30.141 [TestNG-test=Test_All_Modules_edge-5] AllureLifecycle - Could not add attachment: no test is running
[ERROR] 2025-08-07 13:02:33.381 [TestNG-test=Test_All_Modules_edge-1] LoggerLoad - Alert message for no code entered in editor is not displayed
[ERROR] 2025-08-07 13:02:33.500 [TestNG-test=Test_All_Modules_edge-1] AllureLifecycle - Could not add attachment: no test is running
[ERROR] 2025-08-07 13:02:54.693 [TestNG-test=Test_All_Modules_firefox-4] LoggerLoad - Alert message for no code entered in editor is not displayed
[ERROR] 2025-08-07 13:03:00.910 [TestNG-test=Test_All_Modules_firefox-4] LoggerLoad - Alert message for no code entered in editor is not displayed
[ERROR] 2025-08-07 13:03:06.889 [TestNG-test=Test_All_Modules_firefox-4] LoggerLoad - Alert message for no code entered in editor is not displayed
[ERROR] 2025-08-07 13:03:13.416 [TestNG-test=Test_All_Modules_firefox-4] LoggerLoad - Alert message for no code entered in editor is not displayed
[ERROR] 2025-08-07 13:03:13.475 [TestNG-test=Test_All_Modules_firefox-4] AllureLifecycle - Could not add attachment: no test is running
[WARN] 2025-08-07 13:09:17.366 [main] TestNG - Ignoring duplicate listener : io.qameta.allure.testng.AllureTestNg
[WARN] 2025-08-07 13:09:17.369 [main] TestNG - Ignoring duplicate listener : io.qameta.allure.testng.AllureTestNg
[WARN] 2025-08-07 13:09:17.369 [main] TestNG - Ignoring duplicate listener : io.qameta.allure.testng.AllureTestNg
[INFO] 2025-08-07 13:09:17.715 [main] Utils - [TestNG] Running:
  C:\Users\HP\git\Testng_Ninjalinos\testng.xml

[ERROR] 2025-08-07 13:09:52.566 [TestNG-tests-1] LoggerLoad - Alert message for no code entered in editor is not displayed
[ERROR] 2025-08-07 13:09:52.905 [TestNG-tests-2] LoggerLoad - Alert message for no code entered in editor is not displayed
[ERROR] 2025-08-07 13:09:57.776 [TestNG-tests-1] LoggerLoad - Alert message for no code entered in editor is not displayed
[ERROR] 2025-08-07 13:09:58.184 [TestNG-tests-2] LoggerLoad - Alert message for no code entered in editor is not displayed
[ERROR] 2025-08-07 13:10:04.057 [TestNG-tests-2] LoggerLoad - Alert message for no code entered in editor is not displayed
[ERROR] 2025-08-07 13:10:04.333 [TestNG-tests-1] LoggerLoad - Alert message for no code entered in editor is not displayed
[ERROR] 2025-08-07 13:10:09.534 [TestNG-tests-1] LoggerLoad - Alert message for no code entered in editor is not displayed
[ERROR] 2025-08-07 13:10:09.709 [TestNG-tests-1] AllureLifecycle - Could not add attachment: no test is running
[ERROR] 2025-08-07 13:10:09.758 [TestNG-tests-2] LoggerLoad - Alert message for no code entered in editor is not displayed
[ERROR] 2025-08-07 13:10:09.916 [TestNG-tests-2] AllureLifecycle - Could not add attachment: no test is running
[ERROR] 2025-08-07 13:10:20.966 [TestNG-tests-3] LoggerLoad - Alert message for no code entered in editor is not displayed
[ERROR] 2025-08-07 13:10:26.708 [TestNG-tests-3] LoggerLoad - Alert message for no code entered in editor is not displayed
[ERROR] 2025-08-07 13:10:32.726 [TestNG-tests-3] LoggerLoad - Alert message for no code entered in editor is not displayed
[ERROR] 2025-08-07 13:10:39.174 [TestNG-tests-3] LoggerLoad - Alert message for no code entered in editor is not displayed
[ERROR] 2025-08-07 13:10:39.214 [TestNG-tests-3] AllureLifecycle - Could not add attachment: no test is running
[INFO] 2025-08-07 16:45:13.133 [main] Utils - [TestNG] Running:
  C:\Users\HP\git\Testng_Ninjalinos\testng.xml

[ERROR] 2025-08-07 16:46:04.728 [TestNG-tests-1] LoggerLoad - Alert message for no code entered in editor is not displayed
[ERROR] 2025-08-07 16:46:04.943 [TestNG-tests-2] LoggerLoad - Alert message for no code entered in editor is not displayed
[ERROR] 2025-08-07 16:46:04.951 [TestNG-tests-1] AllureLifecycle - Could not add attachment: no test is running
[ERROR] 2025-08-07 16:46:05.180 [TestNG-tests-2] AllureLifecycle - Could not add attachment: no test is running
[ERROR] 2025-08-07 16:46:28.212 [TestNG-tests-3] LoggerLoad - Alert message for no code entered in editor is not displayed
[ERROR] 2025-08-07 16:46:28.270 [TestNG-tests-3] AllureLifecycle - Could not add attachment: no test is running
[WARN] 2025-08-07 16:47:30.953 [main] TestNG - Ignoring duplicate listener : io.qameta.allure.testng.AllureTestNg
[WARN] 2025-08-07 16:47:30.954 [main] TestNG - Ignoring duplicate listener : io.qameta.allure.testng.AllureTestNg
[WARN] 2025-08-07 16:47:30.956 [main] TestNG - Ignoring duplicate listener : io.qameta.allure.testng.AllureTestNg
[INFO] 2025-08-07 16:47:31.412 [main] Utils - [TestNG] Running:
  C:\Users\HP\git\Testng_Ninjalinos\testng.xml

[ERROR] 2025-08-07 16:48:22.502 [TestNG-tests-2] LoggerLoad - Alert message for no code entered in editor is not displayed
[ERROR] 2025-08-07 16:48:23.222 [TestNG-tests-1] LoggerLoad - Alert message for no code entered in editor is not displayed
[ERROR] 2025-08-07 16:48:31.083 [TestNG-tests-1] LoggerLoad - Alert message for no code entered in editor is not displayed
[ERROR] 2025-08-07 16:48:31.283 [TestNG-tests-2] LoggerLoad - Alert message for no code entered in editor is not displayed
[ERROR] 2025-08-07 16:48:39.934 [TestNG-tests-2] LoggerLoad - Alert message for no code entered in editor is not displayed
[ERROR] 2025-08-07 16:48:40.221 [TestNG-tests-1] LoggerLoad - Alert message for no code entered in editor is not displayed
[ERROR] 2025-08-07 16:48:47.416 [TestNG-tests-1] LoggerLoad - Alert message for no code entered in editor is not displayed
[ERROR] 2025-08-07 16:48:47.445 [TestNG-tests-2] LoggerLoad - Alert message for no code entered in editor is not displayed
[ERROR] 2025-08-07 16:48:47.583 [TestNG-tests-1] AllureLifecycle - Could not add attachment: no test is running
[ERROR] 2025-08-07 16:48:47.661 [TestNG-tests-2] AllureLifecycle - Could not add attachment: no test is running
[ERROR] 2025-08-07 16:49:00.801 [TestNG-tests-3] LoggerLoad - Alert message for no code entered in editor is not displayed
[ERROR] 2025-08-07 16:49:08.278 [TestNG-tests-3] LoggerLoad - Alert message for no code entered in editor is not displayed
[ERROR] 2025-08-07 16:49:15.284 [TestNG-tests-3] LoggerLoad - Alert message for no code entered in editor is not displayed
[ERROR] 2025-08-07 16:49:22.790 [TestNG-tests-3] LoggerLoad - Alert message for no code entered in editor is not displayed
[ERROR] 2025-08-07 16:49:22.892 [TestNG-tests-3] AllureLifecycle - Could not add attachment: no test is running
[WARN] 2025-08-07 17:16:23.776 [main] TestNG - Ignoring duplicate listener : io.qameta.allure.testng.AllureTestNg
[WARN] 2025-08-07 17:16:23.779 [main] TestNG - Ignoring duplicate listener : io.qameta.allure.testng.AllureTestNg
[WARN] 2025-08-07 17:16:23.779 [main] TestNG - Ignoring duplicate listener : io.qameta.allure.testng.AllureTestNg
[INFO] 2025-08-07 17:16:24.398 [main] Utils - [TestNG] Running:
  C:\Users\HP\git\Testng_Ninjalinos\testng.xml

[ERROR] 2025-08-07 17:17:16.047 [TestNG-tests-1] LoggerLoad - Alert message for no code entered in editor is not displayed
[ERROR] 2025-08-07 17:17:16.130 [TestNG-tests-2] LoggerLoad - Alert message for no code entered in editor is not displayed
[ERROR] 2025-08-07 17:17:23.907 [TestNG-tests-1] LoggerLoad - Alert message for no code entered in editor is not displayed
[ERROR] 2025-08-07 17:17:24.026 [TestNG-tests-2] LoggerLoad - Alert message for no code entered in editor is not displayed
[ERROR] 2025-08-07 17:17:31.638 [TestNG-tests-2] LoggerLoad - Alert message for no code entered in editor is not displayed
[ERROR] 2025-08-07 17:17:32.304 [TestNG-tests-1] LoggerLoad - Alert message for no code entered in editor is not displayed
[ERROR] 2025-08-07 17:17:39.922 [TestNG-tests-1] LoggerLoad - Alert message for no code entered in editor is not displayed
[ERROR] 2025-08-07 17:17:39.942 [TestNG-tests-2] LoggerLoad - Alert message for no code entered in editor is not displayed
[ERROR] 2025-08-07 17:17:40.218 [TestNG-tests-1] AllureLifecycle - Could not add attachment: no test is running
[ERROR] 2025-08-07 17:17:40.249 [TestNG-tests-2] AllureLifecycle - Could not add attachment: no test is running
[ERROR] 2025-08-07 17:18:01.697 [TestNG-tests-3] LoggerLoad - Alert message for no code entered in editor is not displayed
[ERROR] 2025-08-07 17:18:10.183 [TestNG-tests-3] LoggerLoad - Alert message for no code entered in editor is not displayed
[ERROR] 2025-08-07 17:18:19.054 [TestNG-tests-3] LoggerLoad - Alert message for no code entered in editor is not displayed
[ERROR] 2025-08-07 17:18:27.637 [TestNG-tests-3] LoggerLoad - Alert message for no code entered in editor is not displayed
[ERROR] 2025-08-07 17:18:27.729 [TestNG-tests-3] AllureLifecycle - Could not add attachment: no test is running
[WARN] 2025-08-10 01:17:14.793 [main] TestNG - Ignoring duplicate listener : io.qameta.allure.testng.AllureTestNg
[WARN] 2025-08-10 01:17:14.795 [main] TestNG - Ignoring duplicate listener : io.qameta.allure.testng.AllureTestNg
[WARN] 2025-08-10 01:17:14.796 [main] TestNG - Ignoring duplicate listener : io.qameta.allure.testng.AllureTestNg
[INFO] 2025-08-10 01:17:15.157 [main] Utils - [TestNG] Running:
  C:\Users\HP\git\Testng_Ninjalinos\testng.xml

[WARN] 2025-08-10 01:18:42.565 [main] TestNG - Ignoring duplicate listener : io.qameta.allure.testng.AllureTestNg
[WARN] 2025-08-10 01:18:42.568 [main] TestNG - Ignoring duplicate listener : io.qameta.allure.testng.AllureTestNg
[WARN] 2025-08-10 01:18:42.568 [main] TestNG - Ignoring duplicate listener : io.qameta.allure.testng.AllureTestNg
[INFO] 2025-08-10 01:18:42.907 [main] Utils - [TestNG] Running:
  C:\Users\HP\git\Testng_Ninjalinos\testng.xml

[WARN] 2025-08-10 01:19:26.244 [main] TestNG - Ignoring duplicate listener : io.qameta.allure.testng.AllureTestNg
[WARN] 2025-08-10 01:19:26.246 [main] TestNG - Ignoring duplicate listener : io.qameta.allure.testng.AllureTestNg
[WARN] 2025-08-10 01:19:26.246 [main] TestNG - Ignoring duplicate listener : io.qameta.allure.testng.AllureTestNg
[INFO] 2025-08-10 01:19:26.558 [main] Utils - [TestNG] Running:
  C:\Users\HP\git\Testng_Ninjalinos\testng.xml

[WARN] 2025-08-10 01:20:42.718 [main] TestNG - Ignoring duplicate listener : io.qameta.allure.testng.AllureTestNg
[WARN] 2025-08-10 01:20:42.721 [main] TestNG - Ignoring duplicate listener : io.qameta.allure.testng.AllureTestNg
[WARN] 2025-08-10 01:20:42.721 [main] TestNG - Ignoring duplicate listener : io.qameta.allure.testng.AllureTestNg
[INFO] 2025-08-10 01:20:43.029 [main] Utils - [TestNG] Running:
  C:\Users\HP\git\Testng_Ninjalinos\testng.xml

[WARN] 2025-08-10 01:38:58.689 [main] TestNG - Ignoring duplicate listener : io.qameta.allure.testng.AllureTestNg
[WARN] 2025-08-10 01:38:58.691 [main] TestNG - Ignoring duplicate listener : io.qameta.allure.testng.AllureTestNg
[WARN] 2025-08-10 01:38:58.691 [main] TestNG - Ignoring duplicate listener : io.qameta.allure.testng.AllureTestNg
[INFO] 2025-08-10 01:38:59.045 [main] Utils - [TestNG] Running:
  C:\Users\HP\git\Testng_Ninjalinos\testng.xml

[WARN] 2025-08-10 01:51:32.661 [main] TestNG - Ignoring duplicate listener : io.qameta.allure.testng.AllureTestNg
[WARN] 2025-08-10 01:51:32.662 [main] TestNG - Ignoring duplicate listener : io.qameta.allure.testng.AllureTestNg
[WARN] 2025-08-10 01:51:32.662 [main] TestNG - Ignoring duplicate listener : io.qameta.allure.testng.AllureTestNg
[INFO] 2025-08-10 01:51:32.967 [main] Utils - [TestNG] Running:
  C:\Users\HP\git\Testng_Ninjalinos\testng.xml

[WARN] 2025-08-10 02:01:44.720 [main] TestNG - Ignoring duplicate listener : io.qameta.allure.testng.AllureTestNg
[WARN] 2025-08-10 02:01:44.722 [main] TestNG - Ignoring duplicate listener : io.qameta.allure.testng.AllureTestNg
[WARN] 2025-08-10 02:01:44.722 [main] TestNG - Ignoring duplicate listener : io.qameta.allure.testng.AllureTestNg
[INFO] 2025-08-10 02:01:45.034 [main] Utils - [TestNG] Running:
  C:\Users\HP\git\Testng_Ninjalinos\testng.xml

[WARN] 2025-08-10 02:08:06.834 [main] TestNG - Ignoring duplicate listener : io.qameta.allure.testng.AllureTestNg
[WARN] 2025-08-10 02:08:06.838 [main] TestNG - Ignoring duplicate listener : io.qameta.allure.testng.AllureTestNg
[WARN] 2025-08-10 02:08:06.838 [main] TestNG - Ignoring duplicate listener : io.qameta.allure.testng.AllureTestNg
[INFO] 2025-08-10 02:08:07.176 [main] Utils - [TestNG] Running:
  C:\Users\HP\git\Testng_Ninjalinos\testng.xml

[ERROR] 2025-08-10 02:08:40.601 [TestNG-tests-1] LoggerLoad - Alert message for no code entered in editor is not displayed
[ERROR] 2025-08-10 02:08:41.475 [TestNG-tests-2] LoggerLoad - Alert message for no code entered in editor is not displayed
[ERROR] 2025-08-10 02:08:46.077 [TestNG-tests-1] LoggerLoad - Alert message for no code entered in editor is not displayed
[ERROR] 2025-08-10 02:08:47.268 [TestNG-tests-2] LoggerLoad - Alert message for no code entered in editor is not displayed
[ERROR] 2025-08-10 02:08:51.059 [TestNG-tests-1] LoggerLoad - Alert message for no code entered in editor is not displayed
[ERROR] 2025-08-10 02:08:52.537 [TestNG-tests-2] LoggerLoad - Alert message for no code entered in editor is not displayed
[ERROR] 2025-08-10 02:08:56.188 [TestNG-tests-1] LoggerLoad - Alert message for no code entered in editor is not displayed
[ERROR] 2025-08-10 02:08:56.394 [TestNG-tests-1] AllureLifecycle - Could not add attachment: no test is running
[ERROR] 2025-08-10 02:08:57.375 [TestNG-tests-2] LoggerLoad - Alert message for no code entered in editor is not displayed
[ERROR] 2025-08-10 02:08:57.534 [TestNG-tests-2] AllureLifecycle - Could not add attachment: no test is running
[ERROR] 2025-08-10 02:09:04.497 [TestNG-tests-3] LoggerLoad - Alert message for no code entered in editor is not displayed
[ERROR] 2025-08-10 02:09:09.673 [TestNG-tests-3] LoggerLoad - Alert message for no code entered in editor is not displayed
[ERROR] 2025-08-10 02:09:14.894 [TestNG-tests-3] LoggerLoad - Alert message for no code entered in editor is not displayed
[ERROR] 2025-08-10 02:09:20.302 [TestNG-tests-3] LoggerLoad - Alert message for no code entered in editor is not displayed
[ERROR] 2025-08-10 02:09:20.342 [TestNG-tests-3] AllureLifecycle - Could not add attachment: no test is running
