[INFO ] 2025-08-12 16:24:45.178 [main] LoggerLoad - Navigating to Linked List Intro Page...
[INFO ] 2025-08-12 16:24:50.668 [main] LoggerLoad - Navigating to Practice Questions Page from Intro...
[INFO ] 2025-08-12 16:24:56.095 [main] LoggerLoad - Navigating to Try Editor Page from Intro...
[INFO ] 2025-08-12 16:25:02.121 [main] LoggerLoad - Checking for Valid Code...
[INFO ] 2025-08-12 16:25:09.139 [main] LoggerLoad - Checking for InValid Code...
[INFO ] 2025-08-12 16:25:15.463 [main] LoggerLoad - Checking for EmptyInput...
[INFO ] 2025-08-12 16:25:21.828 [main] LoggerLoad - Navigating to Create Linked List Page...
[INFO ] 2025-08-12 16:25:27.043 [main] LoggerLoad - Navigating to Practice Questions Page from CreateLinkedList...
[INFO ] 2025-08-12 16:25:32.576 [main] LoggerLoad - Navigating to Try Editor Page from CreateLinkedList...
[INFO ] 2025-08-12 16:25:38.773 [main] LoggerLoad - Checking for Valid Code...
[INFO ] 2025-08-12 16:25:45.041 [main] LoggerLoad - Checking for InValid Code...
[INFO ] 2025-08-12 16:25:51.254 [main] LoggerLoad - Checking for EmptyInput...
[INFO ] 2025-08-12 16:25:57.404 [main] LoggerLoad - Navigating to Types of Linked List Page...
[INFO ] 2025-08-12 16:26:02.666 [main] LoggerLoad - Navigating to Practice Questions Page from Types of Linked List Page...
[INFO ] 2025-08-12 16:26:08.171 [main] LoggerLoad - Navigating to Try Editor Page from Types of Linked List Page...
[INFO ] 2025-08-12 16:26:15.157 [main] LoggerLoad - Checking for Valid Code...
[INFO ] 2025-08-12 16:26:21.265 [main] LoggerLoad - Checking for InValid Code...
[INFO ] 2025-08-12 16:26:27.380 [main] LoggerLoad - Checking for EmptyInput...
[INFO ] 2025-08-12 16:26:33.661 [main] LoggerLoad - Navigating to Implement Linked List Page...
[INFO ] 2025-08-12 16:26:38.828 [main] LoggerLoad - Navigating to Practice Questions Page from ImplementLinkedList Page...
[INFO ] 2025-08-12 16:26:44.387 [main] LoggerLoad - Navigating to Try Editor Page from ImplementLinkedList Page...
[INFO ] 2025-08-12 16:26:50.364 [main] LoggerLoad - Checking for Valid Code...
[INFO ] 2025-08-12 16:30:25.486 [main] LoggerLoad - Checking for Valid Code...
[INFO ] 2025-08-12 16:32:20.735 [main] LoggerLoad - Navigating to Linked List Intro Page...
[INFO ] 2025-08-12 16:32:26.264 [main] LoggerLoad - Navigating to Practice Questions Page from Intro...
[INFO ] 2025-08-12 16:32:31.999 [main] LoggerLoad - Navigating to Try Editor Page from Intro...
[INFO ] 2025-08-12 16:32:38.322 [main] LoggerLoad - Checking for Valid Code...
[INFO ] 2025-08-12 16:32:45.320 [main] LoggerLoad - Checking for InValid Code...
[INFO ] 2025-08-12 16:32:51.674 [main] LoggerLoad - Checking for EmptyInput...
[INFO ] 2025-08-12 16:32:58.069 [main] LoggerLoad - Navigating to Create Linked List Page...
[INFO ] 2025-08-12 16:33:03.421 [main] LoggerLoad - Navigating to Practice Questions Page from CreateLinkedList...
[INFO ] 2025-08-12 16:33:09.159 [main] LoggerLoad - Navigating to Try Editor Page from CreateLinkedList...
[INFO ] 2025-08-12 16:33:15.291 [main] LoggerLoad - Checking for Valid Code...
[INFO ] 2025-08-12 16:33:21.613 [main] LoggerLoad - Checking for InValid Code...
[INFO ] 2025-08-12 16:33:27.742 [main] LoggerLoad - Checking for EmptyInput...
[INFO ] 2025-08-12 16:33:33.923 [main] LoggerLoad - Navigating to Types of Linked List Page...
[INFO ] 2025-08-12 16:33:39.290 [main] LoggerLoad - Navigating to Practice Questions Page from Types of Linked List Page...
[INFO ] 2025-08-12 16:33:44.975 [main] LoggerLoad - Navigating to Try Editor Page from Types of Linked List Page...
[INFO ] 2025-08-12 16:33:51.158 [main] LoggerLoad - Checking for Valid Code...
[INFO ] 2025-08-12 16:33:57.567 [main] LoggerLoad - Checking for InValid Code...
[INFO ] 2025-08-12 16:34:04.045 [main] LoggerLoad - Checking for EmptyInput...
[INFO ] 2025-08-12 16:34:10.407 [main] LoggerLoad - Navigating to Implement Linked List Page...
[INFO ] 2025-08-12 16:34:15.618 [main] LoggerLoad - Navigating to Practice Questions Page from ImplementLinkedList Page...
[INFO ] 2025-08-12 16:34:21.020 [main] LoggerLoad - Navigating to Try Editor Page from ImplementLinkedList Page...
[INFO ] 2025-08-12 16:34:27.032 [main] LoggerLoad - Checking for Valid Code...
[INFO ] 2025-08-12 16:55:34.540 [main] LoggerLoad - Navigating to Try Editor Page from ImplementLinkedList Page...
[INFO ] 2025-08-12 16:55:52.121 [main] LoggerLoad - Checking for Valid Code...
[INFO ] 2025-08-12 16:56:06.900 [main] LoggerLoad - Checking for InValid Code...
[INFO ] 2025-08-12 16:56:22.193 [main] LoggerLoad - Checking for EmptyInput...
[INFO ] 2025-08-12 17:43:08.562 [main] LoggerLoad - Navigating to Linked List Intro Page...
[INFO ] 2025-08-12 17:43:14.304 [main] LoggerLoad - Navigating to Practice Questions Page from Intro...
[INFO ] 2025-08-12 17:43:20.149 [main] LoggerLoad - Navigating to Try Editor Page from Intro...
[INFO ] 2025-08-12 17:43:26.372 [main] LoggerLoad - Checking for Valid Code...
[INFO ] 2025-08-12 17:46:12.608 [main] LoggerLoad - Navigating to Linked List Intro Page...
[INFO ] 2025-08-12 17:46:18.172 [main] LoggerLoad - Navigating to Practice Questions Page from Intro...
[INFO ] 2025-08-12 17:46:23.802 [main] LoggerLoad - Navigating to Try Editor Page from Intro...
[INFO ] 2025-08-12 17:46:29.908 [main] LoggerLoad - Checking for Valid Code...
[INFO ] 2025-08-12 17:46:36.622 [main] LoggerLoad - Checking for InValid Code...
[INFO ] 2025-08-12 17:46:42.967 [main] LoggerLoad - Checking for EmptyInput...
[INFO ] 2025-08-12 17:46:49.130 [main] LoggerLoad - Navigating to Create Linked List Page...
[INFO ] 2025-08-12 17:46:54.603 [main] LoggerLoad - Navigating to Practice Questions Page from CreateLinkedList...
[INFO ] 2025-08-12 17:47:00.113 [main] LoggerLoad - Navigating to Try Editor Page from CreateLinkedList...
[INFO ] 2025-08-12 17:47:06.041 [main] LoggerLoad - Checking for Valid Code...
[INFO ] 2025-08-12 17:47:12.258 [main] LoggerLoad - Checking for InValid Code...
[INFO ] 2025-08-12 17:47:18.587 [main] LoggerLoad - Checking for EmptyInput...
[INFO ] 2025-08-12 17:47:24.893 [main] LoggerLoad - Navigating to Types of Linked List Page...
[INFO ] 2025-08-12 17:47:30.537 [main] LoggerLoad - Navigating to Practice Questions Page from Types of Linked List Page...
[INFO ] 2025-08-12 17:47:36.167 [main] LoggerLoad - Navigating to Try Editor Page from Types of Linked List Page...
[INFO ] 2025-08-12 18:56:04.986 [main] LoggerLoad - Navigating to Linked List Intro Page...
[INFO ] 2025-08-12 18:56:10.539 [main] LoggerLoad - Navigating to Practice Questions Page from Intro...
[INFO ] 2025-08-12 18:56:16.180 [main] LoggerLoad - Navigating to Try Editor Page from Intro...
[INFO ] 2025-08-12 18:56:22.348 [main] LoggerLoad - Checking for Valid Code...
[INFO ] 2025-08-12 18:56:29.353 [main] LoggerLoad - Checking for InValid Code...
[INFO ] 2025-08-12 18:56:35.727 [main] LoggerLoad - Checking for EmptyInput...
[INFO ] 2025-08-12 18:56:42.362 [main] LoggerLoad - Navigating to Create Linked List Page...
[INFO ] 2025-08-12 18:56:47.588 [main] LoggerLoad - Navigating to Practice Questions Page from CreateLinkedList...
[INFO ] 2025-08-12 18:56:53.219 [main] LoggerLoad - Navigating to Try Editor Page from CreateLinkedList...
[INFO ] 2025-08-12 18:56:59.366 [main] LoggerLoad - Checking for Valid Code...
[INFO ] 2025-08-12 18:57:05.632 [main] LoggerLoad - Checking for InValid Code...
[INFO ] 2025-08-12 18:57:11.814 [main] LoggerLoad - Checking for EmptyInput...
[INFO ] 2025-08-12 18:57:17.982 [main] LoggerLoad - Navigating to Types of Linked List Page...
[INFO ] 2025-08-12 18:57:23.266 [main] LoggerLoad - Navigating to Practice Questions Page from Types of Linked List Page...
[INFO ] 2025-08-12 18:57:28.798 [main] LoggerLoad - Navigating to Try Editor Page from Types of Linked List Page...
[INFO ] 2025-08-12 18:57:34.576 [main] LoggerLoad - Checking for Valid Code...
[INFO ] 2025-08-12 18:57:40.765 [main] LoggerLoad - Checking for InValid Code...
[INFO ] 2025-08-12 18:57:46.847 [main] LoggerLoad - Checking for EmptyInput...
[INFO ] 2025-08-12 18:57:53.147 [main] LoggerLoad - Navigating to Implement Linked List Page...
[INFO ] 2025-08-12 18:57:58.399 [main] LoggerLoad - Navigating to Practice Questions Page from ImplementLinkedList Page...
[INFO ] 2025-08-12 18:58:03.911 [main] LoggerLoad - Navigating to Try Editor Page from ImplementLinkedList Page...
[INFO ] 2025-08-12 18:58:09.696 [main] LoggerLoad - Checking for Valid Code...
[INFO ] 2025-08-12 18:58:15.746 [main] LoggerLoad - Checking for InValid Code...
[INFO ] 2025-08-12 18:58:21.977 [main] LoggerLoad - Checking for EmptyInput...
[INFO ] 2025-08-12 18:58:28.335 [main] LoggerLoad - Navigating to Implement Linked List Page...
[INFO ] 2025-08-12 18:58:33.836 [main] LoggerLoad - Navigating to Practice Questions Page from TraversalPage Page...
[INFO ] 2025-08-12 18:58:39.557 [main] LoggerLoad - Navigating to Try Editor Page from TraversalPage Page...
[INFO ] 2025-08-12 18:58:45.976 [main] LoggerLoad - Checking for Valid Code...
[INFO ] 2025-08-12 18:58:52.281 [main] LoggerLoad - Checking for InValid Code...
[INFO ] 2025-08-12 18:58:58.876 [main] LoggerLoad - Checking for EmptyInput...
[INFO ] 2025-08-12 18:59:05.114 [main] LoggerLoad - Navigating to Insertion Page...
[INFO ] 2025-08-12 18:59:10.744 [main] LoggerLoad - Navigating to Practice Questions Page from Insertion Page...
[INFO ] 2025-08-12 18:59:16.443 [main] LoggerLoad - Navigating to Try Editor Page from Insertion Page...
[INFO ] 2025-08-12 18:59:22.844 [main] LoggerLoad - Checking for Valid Code...
[INFO ] 2025-08-12 18:59:29.206 [main] LoggerLoad - Checking for InValid Code...
[INFO ] 2025-08-12 19:08:15.746 [main] LoggerLoad - Navigating to Linked List Intro Page...
[INFO ] 2025-08-12 19:08:21.452 [main] LoggerLoad - Navigating to Practice Questions Page from Intro...
[INFO ] 2025-08-12 19:23:51.440 [main] LoggerLoad - Navigating to Linked List Intro Page...
[INFO ] 2025-08-12 19:24:10.979 [main] LoggerLoad - Navigating to Implement Linked List Page...
[INFO ] 2025-08-12 19:24:22.239 [main] LoggerLoad - Navigating to Practice Questions Page from ImplementLinkedList Page...
[INFO ] 2025-08-12 19:26:11.618 [main] LoggerLoad - Navigating to Linked List Intro Page...
[INFO ] 2025-08-12 19:26:17.134 [main] LoggerLoad - Navigating to Practice Questions Page from Intro...
[INFO ] 2025-08-12 19:26:23.174 [main] LoggerLoad - Navigating to Try Editor Page from Intro...
[INFO ] 2025-08-12 19:26:29.542 [main] LoggerLoad - Checking for Valid Code...
[INFO ] 2025-08-12 19:26:36.485 [main] LoggerLoad - Checking for InValid Code...
[INFO ] 2025-08-12 19:26:42.844 [main] LoggerLoad - Checking for EmptyInput...
[INFO ] 2025-08-12 19:26:49.161 [main] LoggerLoad - Navigating to Create Linked List Page...
[INFO ] 2025-08-12 19:26:54.700 [main] LoggerLoad - Navigating to Practice Questions Page from CreateLinkedList...
[INFO ] 2025-08-12 19:27:00.501 [main] LoggerLoad - Navigating to Try Editor Page from CreateLinkedList...
[INFO ] 2025-08-12 19:27:06.670 [main] LoggerLoad - Checking for Valid Code...
[INFO ] 2025-08-12 19:27:13.024 [main] LoggerLoad - Checking for InValid Code...
[INFO ] 2025-08-12 19:27:19.435 [main] LoggerLoad - Checking for EmptyInput...
[INFO ] 2025-08-12 19:27:25.598 [main] LoggerLoad - Navigating to Types of Linked List Page...
[INFO ] 2025-08-12 19:27:31.016 [main] LoggerLoad - Navigating to Practice Questions Page from Types of Linked List Page...
[INFO ] 2025-08-12 19:27:37.805 [main] LoggerLoad - Navigating to Try Editor Page from Types of Linked List Page...
[INFO ] 2025-08-12 19:27:44.570 [main] LoggerLoad - Checking for Valid Code...
[INFO ] 2025-08-12 19:27:50.827 [main] LoggerLoad - Checking for InValid Code...
[INFO ] 2025-08-12 19:27:57.113 [main] LoggerLoad - Checking for EmptyInput...
[INFO ] 2025-08-12 19:28:03.467 [main] LoggerLoad - Navigating to Implement Linked List Page...
[INFO ] 2025-08-12 19:28:08.683 [main] LoggerLoad - Navigating to Practice Questions Page from ImplementLinkedList Page...
[INFO ] 2025-08-12 19:28:14.119 [main] LoggerLoad - Navigating to Try Editor Page from ImplementLinkedList Page...
[INFO ] 2025-08-12 19:28:20.267 [main] LoggerLoad - Checking for Valid Code...
[INFO ] 2025-08-12 19:28:26.529 [main] LoggerLoad - Checking for InValid Code...
[INFO ] 2025-08-12 19:28:32.765 [main] LoggerLoad - Checking for EmptyInput...
[INFO ] 2025-08-12 19:28:38.897 [main] LoggerLoad - Navigating to Implement Linked List Page...
[INFO ] 2025-08-12 19:28:44.080 [main] LoggerLoad - Navigating to Practice Questions Page from TraversalPage Page...
[INFO ] 2025-08-12 19:28:49.564 [main] LoggerLoad - Navigating to Try Editor Page from TraversalPage Page...
[INFO ] 2025-08-12 19:28:55.513 [main] LoggerLoad - Checking for Valid Code...
[INFO ] 2025-08-12 19:29:01.880 [main] LoggerLoad - Checking for InValid Code...
[INFO ] 2025-08-12 19:29:08.148 [main] LoggerLoad - Checking for EmptyInput...
[INFO ] 2025-08-12 19:29:14.232 [main] LoggerLoad - Navigating to Insertion Page...
[INFO ] 2025-08-12 19:29:19.681 [main] LoggerLoad - Navigating to Practice Questions Page from Insertion Page...
[INFO ] 2025-08-12 19:29:25.297 [main] LoggerLoad - Navigating to Try Editor Page from Insertion Page...
[INFO ] 2025-08-12 19:29:31.435 [main] LoggerLoad - Checking for Valid Code...
[INFO ] 2025-08-12 19:29:37.644 [main] LoggerLoad - Checking for InValid Code...
[INFO ] 2025-08-12 19:29:43.713 [main] LoggerLoad - Checking for EmptyInput...
[INFO ] 2025-08-12 19:29:49.846 [main] LoggerLoad - Navigating to Deletion Page...
[INFO ] 2025-08-12 19:29:55.159 [main] LoggerLoad - Navigating to Practice Questions Page from Deletion Page...
[INFO ] 2025-08-12 19:30:00.963 [main] LoggerLoad - Navigating to Try Editor Page from Deletion Page...
[INFO ] 2025-08-12 19:30:06.950 [main] LoggerLoad - Checking for Valid Code...
[INFO ] 2025-08-12 19:30:13.232 [main] LoggerLoad - Checking for InValid Code...
[INFO ] 2025-08-12 19:30:19.246 [main] LoggerLoad - Checking for EmptyInput...
[INFO ] 2025-08-13 09:11:02.855 [main] LoggerLoad - Navigating to Linked List Intro Page...
